22:59:35:347 [main] INFO  org.testng.internal.Utils - [TestNG] Running:
  C:\Users\DELL\eclipse-workspace\Myntra112\browsers.xml

22:59:39:266 [main] INFO  testClass.TC_001_CreateAccountTesting - STARTING TC_001_CreateAccountTesting .......
22:59:39:288 [main] INFO  testClass.TC_001_CreateAccountTesting - ClickOnAccount.....
22:59:39:477 [main] INFO  testClass.TC_001_CreateAccountTesting - ClickOnSignIn....
22:59:40:272 [main] INFO  testClass.TC_001_CreateAccountTesting - ClickOnCreateAcc....
22:59:41:057 [main] INFO  testClass.TC_001_CreateAccountTesting - User wiil Enter Login Details...
22:59:44:901 [main] INFO  testClass.TC_002_SearchElement_Testing - Starting TC_002_SearchElement_Testing.....
22:59:44:901 [main] INFO  testClass.TC_002_SearchElement_Testing - User Search Product....
22:59:55:408 [main] INFO  testClass.TC_002_SearchElement_Testing - User Select The Product Details....
23:00:08:880 [main] ERROR testClass.TC_002_SearchElement_Testing - Test Is FAILED
23:00:08:880 [main] INFO  testClass.TC_002_SearchElement_Testing - FINISHED TC_002_SearchElement_Testing......
21:17:01:221 [main] INFO  org.testng.internal.Utils - [TestNG] Running:
  C:\Users\DELL\eclipse-workspace\Myntra112\report.xml

21:18:08:823 [main] INFO  org.testng.internal.Utils - [TestNG] Running:
  C:\Users\DELL\eclipse-workspace\Myntra112\report.xml

21:18:17:068 [main] INFO  testClass.TC_001_CreateAccountTesting - STARTING TC_001_CreateAccountTesting .......
21:18:17:115 [main] INFO  testClass.TC_001_CreateAccountTesting - ClickOnAccount.....
21:18:17:421 [main] INFO  testClass.TC_001_CreateAccountTesting - ClickOnSignIn....
21:18:19:355 [main] INFO  testClass.TC_001_CreateAccountTesting - ClickOnCreateAcc....
21:18:20:158 [main] INFO  testClass.TC_001_CreateAccountTesting - User wiil Enter Login Details...
21:18:28:617 [main] INFO  testClass.TC_002_SearchElement_Testing - Starting TC_002_SearchElement_Testing.....
21:18:28:618 [main] INFO  testClass.TC_002_SearchElement_Testing - User Search Product....
21:18:39:258 [main] INFO  testClass.TC_002_SearchElement_Testing - User Select The Product Details....
21:18:52:798 [main] ERROR testClass.TC_002_SearchElement_Testing - Test Is FAILED
21:18:52:798 [main] INFO  testClass.TC_002_SearchElement_Testing - FINISHED TC_002_SearchElement_Testing......
21:23:39:774 [main] INFO  org.testng.internal.Utils - [TestNG] Running:
  C:\Users\DELL\eclipse-workspace\Myntra112\report.xml

21:23:48:073 [main] INFO  testClass.TC_001_CreateAccountTesting - STARTING TC_001_CreateAccountTesting .......
21:23:48:114 [main] INFO  testClass.TC_001_CreateAccountTesting - ClickOnAccount.....
21:23:48:378 [main] INFO  testClass.TC_001_CreateAccountTesting - ClickOnSignIn....
21:23:50:141 [main] INFO  testClass.TC_001_CreateAccountTesting - ClickOnCreateAcc....
21:23:51:339 [main] INFO  testClass.TC_001_CreateAccountTesting - User wiil Enter Login Details...
21:23:54:837 [main] INFO  testClass.TC_002_SearchElement_Testing - Starting TC_002_SearchElement_Testing.....
21:23:54:840 [main] INFO  testClass.TC_002_SearchElement_Testing - User Search Product....
21:24:16:265 [main] INFO  testClass.TC_002_SearchElement_Testing - User Select The Product Details....
21:24:31:711 [main] ERROR testClass.TC_002_SearchElement_Testing - Test Is FAILED
21:24:31:711 [main] INFO  testClass.TC_002_SearchElement_Testing - FINISHED TC_002_SearchElement_Testing......
